{"t":1763441256176,"key":"*******************************17E7","ok":false,"err":"Gumroad API returned 404"}
{"t":1763441628688,"key":"*******************************17E7","ok":false,"err":"Gumroad API returned 404"}
{"t":1763446285614,"webhook":{"event":"local-test","purchase":{"refunded":false}}}
{"t":1763453506735,"event":"gumroad_webhook","payload":{"event":"refund","purchase":{"refunded":true,"order_id":"TEST-REFUND-001"}}}
{"t":1763453506736,"event":"license_cleared_via_webhook"}
{"t":1763455427216,"event":"gumroad_webhook","payload":{"event":"local-test","purchase":{"refunded":false,"order_id":"LOCAL-TEST"}}}
{"t":1763455529155,"event":"gumroad_webhook","payload":{"event":"refund","purchase":{"refunded":true,"order_id":"TEST-REFUND-002"}}}
{"t":1763455529157,"event":"license_cleared_via_webhook"}
{"t":1763471478442,"event":"checksum_stored_mem","id":"t1"}
{"t":1763471478450,"event":"checksum_mismatch_mem","id":"t1","provided":"wrong","expected":"abc"}
{"t":1763471478452,"event":"checksum_verified_mem","id":"t1"}
{"t":1763471478453,"event":"checksum_cleared_mem","cleared":0}
{"t":1763472784006,"event":"checksum_stored_mem","id":"t1"}
{"t":1763472784014,"event":"checksum_mismatch_mem","id":"t1","provided":"wrong","expected":"abc"}
{"t":1763472784016,"event":"checksum_verified_mem","id":"t1"}
{"t":1763472784017,"event":"checksum_cleared_mem","cleared":0}
{"t":1763484046073,"event":"checksum_stored_mem","id":"t1"}
{"t":1763484046082,"event":"checksum_mismatch_mem","id":"t1","provided":"wrong","expected":"abc"}
{"t":1763484046084,"event":"checksum_verified_mem","id":"t1"}
{"t":1763484046085,"event":"checksum_cleared_mem","cleared":0}
{"t":1763485376933,"event":"checksum_stored_mem","id":"t1"}
{"t":1763485376941,"event":"checksum_mismatch_mem","id":"t1","provided":"wrong","expected":"abc"}
{"t":1763485376943,"event":"checksum_verified_mem","id":"t1"}
{"t":1763485376944,"event":"checksum_cleared_mem","cleared":0}
{"t":1763485744877,"event":"checksum_stored_mem","id":"t1"}
{"t":1763486382802,"event":"checksum_stored_mem","id":"t1"}
{"t":1763486438270,"event":"checksum_stored_mem","id":"t1"}
{"t":1763486530382,"event":"checksum_stored_mem","id":"t1"}
{"t":1763486530393,"event":"checksum_mismatch_mem","id":"t1","provided":"wrong","expected":"abc"}
{"t":1763486530395,"event":"checksum_verified_mem","id":"t1"}
{"t":1763486530396,"event":"checksum_cleared_mem","cleared":0}
{"t":1763488774399,"event":"checksum_stored_mem","id":"t1"}
{"t":1763488774409,"event":"checksum_mismatch_mem","id":"t1","provided":"wrong","expected":"abc"}
{"t":1763488774411,"event":"checksum_verified_mem","id":"t1"}
{"t":1763488774413,"event":"checksum_cleared_mem","cleared":0}
{"t":1763488948514,"event":"checksum_stored_mem","id":"t1"}
{"t":1763488948524,"event":"checksum_mismatch_mem","id":"t1","provided":"wrong","expected":"abc"}
{"t":1763488948526,"event":"checksum_verified_mem","id":"t1"}
{"t":1763488948527,"event":"checksum_cleared_mem","cleared":0}
{"t":1763489137391,"event":"checksum_stored_mem","id":"t1"}
{"t":1763489137401,"event":"checksum_mismatch_mem","id":"t1","provided":"wrong","expected":"abc"}
{"t":1763489137402,"event":"checksum_verified_mem","id":"t1"}
{"t":1763489137404,"event":"checksum_cleared_mem","cleared":0}
{"t":1763489827063,"event":"checksum_stored_mem","id":"t1"}
{"t":1763489827072,"event":"checksum_mismatch_mem","id":"t1","provided":"wrong","expected":"abc"}
{"t":1763489827074,"event":"checksum_verified_mem","id":"t1"}
{"t":1763489827076,"event":"checksum_cleared_mem","cleared":0}
{"t":1763490057571,"event":"checksum_stored_mem","id":"t1"}
{"t":1763490057579,"event":"checksum_mismatch_mem","id":"t1","provided":"wrong","expected":"abc"}
{"t":1763490057580,"event":"checksum_verified_mem","id":"t1"}
{"t":1763490057582,"event":"checksum_cleared_mem","cleared":0}
{"t":1763490270058,"event":"checksum_stored_mem","id":"t1"}
{"t":1763490270068,"event":"checksum_mismatch_mem","id":"t1","provided":"wrong","expected":"abc"}
{"t":1763490270071,"event":"checksum_verified_mem","id":"t1"}
{"t":1763490270072,"event":"checksum_cleared_mem","cleared":0}
{"t":1763490533971,"event":"checksum_stored_mem","id":"t1"}
{"t":1763490533979,"event":"checksum_mismatch_mem","id":"t1","provided":"wrong","expected":"abc"}
{"t":1763490533980,"event":"checksum_verified_mem","id":"t1"}
{"t":1763490533982,"event":"checksum_cleared_mem","cleared":0}
{"t":1763490740599,"event":"checksum_stored_mem","id":"t1"}
{"t":1763490740608,"event":"checksum_mismatch_mem","id":"t1","provided":"wrong","expected":"abc"}
{"t":1763490740610,"event":"checksum_verified_mem","id":"t1"}
{"t":1763490740611,"event":"checksum_cleared_mem","cleared":0}
{"t":1763490849428,"event":"checksum_stored_mem","id":"t1"}
{"t":1763490849437,"event":"checksum_mismatch_mem","id":"t1","provided":"wrong","expected":"abc"}
{"t":1763490849439,"event":"checksum_verified_mem","id":"t1"}
{"t":1763490849440,"event":"checksum_cleared_mem","cleared":0}
{"t":1763491348243,"event":"checksum_stored_mem","id":"t1"}
{"t":1763491348251,"event":"checksum_mismatch_mem","id":"t1","provided":"wrong","expected":"abc"}
{"t":1763491348252,"event":"checksum_verified_mem","id":"t1"}
{"t":1763491402545,"event":"checksum_stored_mem","id":"t1"}
{"t":1763491402553,"event":"checksum_mismatch_mem","id":"t1","provided":"wrong","expected":"abc"}
{"t":1763491402554,"event":"checksum_verified_mem","id":"t1"}
{"t":1763491402555,"event":"checksum_cleared_mem","cleared":0}
{"t":1763491516887,"event":"checksum_stored_mem","id":"t1"}
{"t":1763491516894,"event":"checksum_mismatch_mem","id":"t1","provided":"wrong","expected":"abc"}
{"t":1763491516896,"event":"checksum_verified_mem","id":"t1"}
{"t":1763491516897,"event":"checksum_cleared_mem","cleared":0}
{"t":1763491828674,"event":"checksum_stored_mem","id":"t1"}
{"t":1763491828684,"event":"checksum_mismatch_mem","id":"t1","provided":"wrong","expected":"abc"}
{"t":1763491828686,"event":"checksum_verified_mem","id":"t1"}
{"t":1763491828688,"event":"checksum_cleared_mem","cleared":0}
{"t":1763492456218,"event":"checksum_stored_mem","id":"t1"}
{"t":1763492456225,"event":"checksum_mismatch_mem","id":"t1","provided":"wrong","expected":"abc"}
{"t":1763492456227,"event":"checksum_verified_mem","id":"t1"}
{"t":1763492456228,"event":"checksum_cleared_mem","cleared":0}
{"t":1763496352977,"event":"checksum_stored_mem","id":"t1"}
{"t":1763496352986,"event":"checksum_mismatch_mem","id":"t1","provided":"wrong","expected":"abc"}
{"t":1763496352988,"event":"checksum_verified_mem","id":"t1"}
{"t":1763496352989,"event":"checksum_cleared_mem","cleared":0}
{"t":1763498179120,"event":"checksum_stored_mem","id":"t1"}
{"t":1763498179128,"event":"checksum_mismatch_mem","id":"t1","provided":"wrong","expected":"abc"}
{"t":1763498179130,"event":"checksum_verified_mem","id":"t1"}
{"t":1763498179131,"event":"checksum_cleared_mem","cleared":0}
{"t":1763498675206,"event":"checksum_stored_mem","id":"t1"}
{"t":1763498675214,"event":"checksum_mismatch_mem","id":"t1","provided":"wrong","expected":"abc"}
{"t":1763498675216,"event":"checksum_verified_mem","id":"t1"}
{"t":1763498675218,"event":"checksum_cleared_mem","cleared":0}
{"t":1763498977171,"event":"checksum_stored_mem","id":"t1"}
{"t":1763498977180,"event":"checksum_mismatch_mem","id":"t1","provided":"wrong","expected":"abc"}
{"t":1763498977182,"event":"checksum_verified_mem","id":"t1"}
{"t":1763498977183,"event":"checksum_cleared_mem","cleared":0}
{"t":1763499384898,"event":"checksum_stored_mem","id":"t1"}
{"t":1763499384906,"event":"checksum_mismatch_mem","id":"t1","provided":"wrong","expected":"abc"}
{"t":1763499384908,"event":"checksum_verified_mem","id":"t1"}
{"t":1763499384909,"event":"checksum_cleared_mem","cleared":0}
{"t":1763574755246,"event":"checksum_stored_mem","id":"t1"}
{"t":1763574755261,"event":"checksum_mismatch_mem","id":"t1","provided":"wrong","expected":"abc"}
{"t":1763574755263,"event":"checksum_verified_mem","id":"t1"}
{"t":1763574755266,"event":"checksum_cleared_mem","cleared":0}
{"t":1763574869917,"event":"checksum_stored_mem","id":"t1"}
{"t":1763574869930,"event":"checksum_mismatch_mem","id":"t1","provided":"wrong","expected":"abc"}
{"t":1763574869932,"event":"checksum_verified_mem","id":"t1"}
{"t":1763574869934,"event":"checksum_cleared_mem","cleared":0}
{"t":1763574946490,"event":"checksum_stored_mem","id":"t1"}
{"t":1763574946503,"event":"checksum_mismatch_mem","id":"t1","provided":"wrong","expected":"abc"}
{"t":1763574946505,"event":"checksum_verified_mem","id":"t1"}
{"t":1763574946507,"event":"checksum_cleared_mem","cleared":0}
{"t":1763575023423,"event":"checksum_stored_mem","id":"t1"}
{"t":1763575023434,"event":"checksum_mismatch_mem","id":"t1","provided":"wrong","expected":"abc"}
{"t":1763575023436,"event":"checksum_verified_mem","id":"t1"}
{"t":1763575023438,"event":"checksum_cleared_mem","cleared":0}
{"t":1763575306664,"event":"checksum_stored_mem","id":"t1"}
{"t":1763575306675,"event":"checksum_mismatch_mem","id":"t1","provided":"wrong","expected":"abc"}
{"t":1763575306677,"event":"checksum_verified_mem","id":"t1"}
{"t":1763575306679,"event":"checksum_cleared_mem","cleared":0}
{"t":1763576288546,"event":"checksum_stored_mem","id":"t1"}
{"t":1763576288556,"event":"checksum_mismatch_mem","id":"t1","provided":"wrong","expected":"abc"}
{"t":1763576288557,"event":"checksum_verified_mem","id":"t1"}
{"t":1763576288559,"event":"checksum_cleared_mem","cleared":0}
{"t":1763576728899,"event":"checksum_stored_mem","id":"t1"}
{"t":1763576728913,"event":"checksum_mismatch_mem","id":"t1","provided":"wrong","expected":"abc"}
{"t":1763576728915,"event":"checksum_verified_mem","id":"t1"}
{"t":1763576728917,"event":"checksum_cleared_mem","cleared":0}
{"t":1763585780996,"event":"checksum_stored_mem","id":"t1"}
{"t":1763585781006,"event":"checksum_mismatch_mem","id":"t1","provided":"wrong","expected":"abc"}
{"t":1763585781008,"event":"checksum_verified_mem","id":"t1"}
{"t":1763585781009,"event":"checksum_cleared_mem","cleared":0}
{"t":1763599389435,"event":"checksum_stored_mem","id":"t1"}
{"t":1763599389445,"event":"checksum_mismatch_mem","id":"t1","provided":"wrong","expected":"abc"}
{"t":1763599389447,"event":"checksum_verified_mem","id":"t1"}
{"t":1763599389448,"event":"checksum_cleared_mem","cleared":0}
{"t":1763630660002,"event":"checksum_stored_mem","id":"t1"}
{"t":1763630660015,"event":"checksum_mismatch_mem","id":"t1","provided":"wrong","expected":"abc"}
{"t":1763630660017,"event":"checksum_verified_mem","id":"t1"}
{"t":1763630660018,"event":"checksum_cleared_mem","cleared":0}
{"t":1763633047431,"event":"checksum_stored_mem","id":"t1"}
{"t":1763633047443,"event":"checksum_mismatch_mem","id":"t1","provided":"wrong","expected":"abc"}
{"t":1763633047444,"event":"checksum_verified_mem","id":"t1"}
{"t":1763633047446,"event":"checksum_cleared_mem","cleared":0}
{"t":1763645133209,"event":"checksum_stored_mem","id":"t1"}
{"t":1763645133221,"event":"checksum_mismatch_mem","id":"t1","provided":"wrong","expected":"abc"}
{"t":1763645133223,"event":"checksum_verified_mem","id":"t1"}
{"t":1763645133224,"event":"checksum_cleared_mem","cleared":0}
{"t":1763671316524,"event":"checksum_stored_mem","id":"t1"}
{"t":1763671316543,"event":"checksum_mismatch_mem","id":"t1","provided":"wrong","expected":"abc"}
{"t":1763671316549,"event":"checksum_verified_mem","id":"t1"}
{"t":1763671316554,"event":"checksum_cleared_mem","cleared":0}
{"t":1763671497949,"event":"checksum_stored_mem","id":"t1"}
{"t":1763671497971,"event":"checksum_mismatch_mem","id":"t1","provided":"wrong","expected":"abc"}
{"t":1763671497981,"event":"checksum_verified_mem","id":"t1"}
{"t":1763671497984,"event":"checksum_cleared_mem","cleared":0}
